<?xml version="1.0" encoding="UTF-8"?>
<testsuites tests="4" failures="3" disabled="0" errors="0" time="0.007" timestamp="2026-09-10T13:46:22.763" name="AllTests">
  <testsuite name="BenchmarkManagerVm" tests="3" failures="3" disabled="0" skipped="0" errors="0" time="0.006" timestamp="2026-09-10T13:46:22.763">
    <testcase name="DiscardClosesAndForgetsUnsavedWorkingCopy" file="C:/repo/tests/ui/benchmark_manager_vm_test.cpp" line="214" status="run" result="completed" time="0." classname="BenchmarkManagerVm" />
    <testcase name="SaveSuccessUpdatesLocalBaselineFromAdmittedToken" file="C:/repo/tests/ui/benchmark_manager_vm_test.cpp" line="184" status="run" result="completed" time="0." classname="BenchmarkManagerVm">
      <failure message="C:/repo/tests/ui/benchmark_manager_vm_test.cpp:211&#x0A;Value of: f.vm-&gt;dirty()&#x0A;  Actual: false&#x0A;Expected: true&#x0A;" type=""><![CDATA[C:/repo/tests/ui/benchmark_manager_vm_test.cpp:211
Value of: f.vm->dirty()
  Actual: false
Expected: true
]]></failure>
    </testcase>
    <testcase name="EditorCommandErrorSurfacesInReturnMap" file="C:/repo/tests/ui/benchmark_manager_vm_test.cpp" line="340" status="run" result="completed" time="0." classname="BenchmarkManagerVm">
      <failure message="x" type=""><![CDATA[C:/repo/tests/ui/benchmark_manager_vm_test.cpp:352
Value of: noDraft["ok"].toBool()
  Actual: true
Expected: false
]]></failure>
      <failure message="x" type=""><![CDATA[C:/repo/tests/ui/benchmark_manager_vm_test.cpp:353
Value of: noDraft["error"].toString().isEmpty()
  Actual: true
Expected: false
]]></failure>
    </testcase>
  </testsuite>
</testsuites>
